ERROR - 2023-05-24 10:03:48 --> mysqli_sql_exception: Duplicate entry '1' for key 'PRIMARY' in C:\xampp\htdocs\operacoes\back-end\system\Database\MySQLi\Connection.php:295
Stack trace:
#0 C:\xampp\htdocs\operacoes\back-end\system\Database\MySQLi\Connection.php(295): mysqli->query('INSERT INTO `op...', 0)
#1 C:\xampp\htdocs\operacoes\back-end\system\Database\BaseConnection.php(691): CodeIgniter\Database\MySQLi\Connection->execute('INSERT INTO `op...')
#2 C:\xampp\htdocs\operacoes\back-end\system\Database\BaseConnection.php(605): CodeIgniter\Database\BaseConnection->simpleQuery('INSERT INTO `op...')
#3 C:\xampp\htdocs\operacoes\back-end\system\Database\BaseBuilder.php(2294): CodeIgniter\Database\BaseConnection->query('INSERT INTO `op...', Array, false)
#4 C:\xampp\htdocs\operacoes\back-end\system\Model.php(329): CodeIgniter\Database\BaseBuilder->insert()
#5 C:\xampp\htdocs\operacoes\back-end\system\BaseModel.php(782): CodeIgniter\Model->doInsert(Array)
#6 C:\xampp\htdocs\operacoes\back-end\system\Model.php(728): CodeIgniter\BaseModel->insert(Array, true)
#7 C:\xampp\htdocs\operacoes\back-end\app\Controllers\OperacoesController.php(28): CodeIgniter\Model->insert(Array)
#8 C:\xampp\htdocs\operacoes\back-end\system\CodeIgniter.php(934): App\Controllers\OperacoesController->add()
#9 C:\xampp\htdocs\operacoes\back-end\system\CodeIgniter.php(499): CodeIgniter\CodeIgniter->runController(Object(App\Controllers\OperacoesController))
#10 C:\xampp\htdocs\operacoes\back-end\system\CodeIgniter.php(368): CodeIgniter\CodeIgniter->handleRequest(NULL, Object(Config\Cache), false)
#11 C:\xampp\htdocs\operacoes\back-end\public\index.php(67): CodeIgniter\CodeIgniter->run()
#12 {main}
CRITICAL - 2023-05-24 10:03:48 --> Duplicate entry '1' for key 'PRIMARY'
in SYSTEMPATH\Database\BaseConnection.php on line 645.
 1 SYSTEMPATH\Database\BaseBuilder.php(2294): CodeIgniter\Database\BaseConnection->query('INSERT INTO `operacoes` (`id`, `nome`, `operacao`, `resultado`, `data`) VALUES (:id:, :nome:, :operacao:, :resultado:, :data:)', [...], false)
 2 SYSTEMPATH\Model.php(329): CodeIgniter\Database\BaseBuilder->insert()
 3 SYSTEMPATH\BaseModel.php(782): CodeIgniter\Model->doInsert([...])
 4 SYSTEMPATH\Model.php(728): CodeIgniter\BaseModel->insert([...], true)
 5 APPPATH\Controllers\OperacoesController.php(28): CodeIgniter\Model->insert([...])
 6 SYSTEMPATH\CodeIgniter.php(934): App\Controllers\OperacoesController->add()
 7 SYSTEMPATH\CodeIgniter.php(499): CodeIgniter\CodeIgniter->runController(Object(App\Controllers\OperacoesController))
 8 SYSTEMPATH\CodeIgniter.php(368): CodeIgniter\CodeIgniter->handleRequest(null, Object(Config\Cache), false)
 9 FCPATH\index.php(67): CodeIgniter\CodeIgniter->run()
ERROR - 2023-05-24 10:03:58 --> mysqli_sql_exception: Duplicate entry '1' for key 'PRIMARY' in C:\xampp\htdocs\operacoes\back-end\system\Database\MySQLi\Connection.php:295
Stack trace:
#0 C:\xampp\htdocs\operacoes\back-end\system\Database\MySQLi\Connection.php(295): mysqli->query('INSERT INTO `op...', 0)
#1 C:\xampp\htdocs\operacoes\back-end\system\Database\BaseConnection.php(691): CodeIgniter\Database\MySQLi\Connection->execute('INSERT INTO `op...')
#2 C:\xampp\htdocs\operacoes\back-end\system\Database\BaseConnection.php(605): CodeIgniter\Database\BaseConnection->simpleQuery('INSERT INTO `op...')
#3 C:\xampp\htdocs\operacoes\back-end\system\Database\BaseBuilder.php(2294): CodeIgniter\Database\BaseConnection->query('INSERT INTO `op...', Array, false)
#4 C:\xampp\htdocs\operacoes\back-end\system\Model.php(329): CodeIgniter\Database\BaseBuilder->insert()
#5 C:\xampp\htdocs\operacoes\back-end\system\BaseModel.php(782): CodeIgniter\Model->doInsert(Array)
#6 C:\xampp\htdocs\operacoes\back-end\system\Model.php(728): CodeIgniter\BaseModel->insert(Array, true)
#7 C:\xampp\htdocs\operacoes\back-end\app\Controllers\OperacoesController.php(28): CodeIgniter\Model->insert(Array)
#8 C:\xampp\htdocs\operacoes\back-end\system\CodeIgniter.php(934): App\Controllers\OperacoesController->add()
#9 C:\xampp\htdocs\operacoes\back-end\system\CodeIgniter.php(499): CodeIgniter\CodeIgniter->runController(Object(App\Controllers\OperacoesController))
#10 C:\xampp\htdocs\operacoes\back-end\system\CodeIgniter.php(368): CodeIgniter\CodeIgniter->handleRequest(NULL, Object(Config\Cache), false)
#11 C:\xampp\htdocs\operacoes\back-end\public\index.php(67): CodeIgniter\CodeIgniter->run()
#12 {main}
CRITICAL - 2023-05-24 10:03:58 --> Duplicate entry '1' for key 'PRIMARY'
in SYSTEMPATH\Database\BaseConnection.php on line 645.
 1 SYSTEMPATH\Database\BaseBuilder.php(2294): CodeIgniter\Database\BaseConnection->query('INSERT INTO `operacoes` (`id`, `nome`, `operacao`, `resultado`, `data`) VALUES (:id:, :nome:, :operacao:, :resultado:, :data:)', [...], false)
 2 SYSTEMPATH\Model.php(329): CodeIgniter\Database\BaseBuilder->insert()
 3 SYSTEMPATH\BaseModel.php(782): CodeIgniter\Model->doInsert([...])
 4 SYSTEMPATH\Model.php(728): CodeIgniter\BaseModel->insert([...], true)
 5 APPPATH\Controllers\OperacoesController.php(28): CodeIgniter\Model->insert([...])
 6 SYSTEMPATH\CodeIgniter.php(934): App\Controllers\OperacoesController->add()
 7 SYSTEMPATH\CodeIgniter.php(499): CodeIgniter\CodeIgniter->runController(Object(App\Controllers\OperacoesController))
 8 SYSTEMPATH\CodeIgniter.php(368): CodeIgniter\CodeIgniter->handleRequest(null, Object(Config\Cache), false)
 9 FCPATH\index.php(67): CodeIgniter\CodeIgniter->run()
ERROR - 2023-05-24 10:04:52 --> mysqli_sql_exception: Duplicate entry '1' for key 'PRIMARY' in C:\xampp\htdocs\operacoes\back-end\system\Database\MySQLi\Connection.php:295
Stack trace:
#0 C:\xampp\htdocs\operacoes\back-end\system\Database\MySQLi\Connection.php(295): mysqli->query('INSERT INTO `op...', 0)
#1 C:\xampp\htdocs\operacoes\back-end\system\Database\BaseConnection.php(691): CodeIgniter\Database\MySQLi\Connection->execute('INSERT INTO `op...')
#2 C:\xampp\htdocs\operacoes\back-end\system\Database\BaseConnection.php(605): CodeIgniter\Database\BaseConnection->simpleQuery('INSERT INTO `op...')
#3 C:\xampp\htdocs\operacoes\back-end\system\Database\BaseBuilder.php(2294): CodeIgniter\Database\BaseConnection->query('INSERT INTO `op...', Array, false)
#4 C:\xampp\htdocs\operacoes\back-end\system\Model.php(329): CodeIgniter\Database\BaseBuilder->insert()
#5 C:\xampp\htdocs\operacoes\back-end\system\BaseModel.php(782): CodeIgniter\Model->doInsert(Array)
#6 C:\xampp\htdocs\operacoes\back-end\system\Model.php(728): CodeIgniter\BaseModel->insert(Array, true)
#7 C:\xampp\htdocs\operacoes\back-end\app\Controllers\OperacoesController.php(28): CodeIgniter\Model->insert(Array)
#8 C:\xampp\htdocs\operacoes\back-end\system\CodeIgniter.php(934): App\Controllers\OperacoesController->add()
#9 C:\xampp\htdocs\operacoes\back-end\system\CodeIgniter.php(499): CodeIgniter\CodeIgniter->runController(Object(App\Controllers\OperacoesController))
#10 C:\xampp\htdocs\operacoes\back-end\system\CodeIgniter.php(368): CodeIgniter\CodeIgniter->handleRequest(NULL, Object(Config\Cache), false)
#11 C:\xampp\htdocs\operacoes\back-end\public\index.php(67): CodeIgniter\CodeIgniter->run()
#12 {main}
CRITICAL - 2023-05-24 10:04:52 --> Duplicate entry '1' for key 'PRIMARY'
in SYSTEMPATH\Database\BaseConnection.php on line 645.
 1 SYSTEMPATH\Database\BaseBuilder.php(2294): CodeIgniter\Database\BaseConnection->query('INSERT INTO `operacoes` (`id`, `nome`, `operacao`, `resultado`, `data`) VALUES (:id:, :nome:, :operacao:, :resultado:, :data:)', [...], false)
 2 SYSTEMPATH\Model.php(329): CodeIgniter\Database\BaseBuilder->insert()
 3 SYSTEMPATH\BaseModel.php(782): CodeIgniter\Model->doInsert([...])
 4 SYSTEMPATH\Model.php(728): CodeIgniter\BaseModel->insert([...], true)
 5 APPPATH\Controllers\OperacoesController.php(28): CodeIgniter\Model->insert([...])
 6 SYSTEMPATH\CodeIgniter.php(934): App\Controllers\OperacoesController->add()
 7 SYSTEMPATH\CodeIgniter.php(499): CodeIgniter\CodeIgniter->runController(Object(App\Controllers\OperacoesController))
 8 SYSTEMPATH\CodeIgniter.php(368): CodeIgniter\CodeIgniter->handleRequest(null, Object(Config\Cache), false)
 9 FCPATH\index.php(67): CodeIgniter\CodeIgniter->run()
ERROR - 2023-05-24 10:05:01 --> mysqli_sql_exception: Duplicate entry '1' for key 'PRIMARY' in C:\xampp\htdocs\operacoes\back-end\system\Database\MySQLi\Connection.php:295
Stack trace:
#0 C:\xampp\htdocs\operacoes\back-end\system\Database\MySQLi\Connection.php(295): mysqli->query('INSERT INTO `op...', 0)
#1 C:\xampp\htdocs\operacoes\back-end\system\Database\BaseConnection.php(691): CodeIgniter\Database\MySQLi\Connection->execute('INSERT INTO `op...')
#2 C:\xampp\htdocs\operacoes\back-end\system\Database\BaseConnection.php(605): CodeIgniter\Database\BaseConnection->simpleQuery('INSERT INTO `op...')
#3 C:\xampp\htdocs\operacoes\back-end\system\Database\BaseBuilder.php(2294): CodeIgniter\Database\BaseConnection->query('INSERT INTO `op...', Array, false)
#4 C:\xampp\htdocs\operacoes\back-end\system\Model.php(329): CodeIgniter\Database\BaseBuilder->insert()
#5 C:\xampp\htdocs\operacoes\back-end\system\BaseModel.php(782): CodeIgniter\Model->doInsert(Array)
#6 C:\xampp\htdocs\operacoes\back-end\system\Model.php(728): CodeIgniter\BaseModel->insert(Array, true)
#7 C:\xampp\htdocs\operacoes\back-end\app\Controllers\OperacoesController.php(28): CodeIgniter\Model->insert(Array)
#8 C:\xampp\htdocs\operacoes\back-end\system\CodeIgniter.php(934): App\Controllers\OperacoesController->add()
#9 C:\xampp\htdocs\operacoes\back-end\system\CodeIgniter.php(499): CodeIgniter\CodeIgniter->runController(Object(App\Controllers\OperacoesController))
#10 C:\xampp\htdocs\operacoes\back-end\system\CodeIgniter.php(368): CodeIgniter\CodeIgniter->handleRequest(NULL, Object(Config\Cache), false)
#11 C:\xampp\htdocs\operacoes\back-end\public\index.php(67): CodeIgniter\CodeIgniter->run()
#12 {main}
CRITICAL - 2023-05-24 10:05:01 --> Duplicate entry '1' for key 'PRIMARY'
in SYSTEMPATH\Database\BaseConnection.php on line 645.
 1 SYSTEMPATH\Database\BaseBuilder.php(2294): CodeIgniter\Database\BaseConnection->query('INSERT INTO `operacoes` (`id`, `nome`, `operacao`, `resultado`, `data`) VALUES (:id:, :nome:, :operacao:, :resultado:, :data:)', [...], false)
 2 SYSTEMPATH\Model.php(329): CodeIgniter\Database\BaseBuilder->insert()
 3 SYSTEMPATH\BaseModel.php(782): CodeIgniter\Model->doInsert([...])
 4 SYSTEMPATH\Model.php(728): CodeIgniter\BaseModel->insert([...], true)
 5 APPPATH\Controllers\OperacoesController.php(28): CodeIgniter\Model->insert([...])
 6 SYSTEMPATH\CodeIgniter.php(934): App\Controllers\OperacoesController->add()
 7 SYSTEMPATH\CodeIgniter.php(499): CodeIgniter\CodeIgniter->runController(Object(App\Controllers\OperacoesController))
 8 SYSTEMPATH\CodeIgniter.php(368): CodeIgniter\CodeIgniter->handleRequest(null, Object(Config\Cache), false)
 9 FCPATH\index.php(67): CodeIgniter\CodeIgniter->run()
ERROR - 2023-05-24 10:05:35 --> mysqli_sql_exception: Duplicate entry '1' for key 'PRIMARY' in C:\xampp\htdocs\operacoes\back-end\system\Database\MySQLi\Connection.php:295
Stack trace:
#0 C:\xampp\htdocs\operacoes\back-end\system\Database\MySQLi\Connection.php(295): mysqli->query('INSERT INTO `op...', 0)
#1 C:\xampp\htdocs\operacoes\back-end\system\Database\BaseConnection.php(691): CodeIgniter\Database\MySQLi\Connection->execute('INSERT INTO `op...')
#2 C:\xampp\htdocs\operacoes\back-end\system\Database\BaseConnection.php(605): CodeIgniter\Database\BaseConnection->simpleQuery('INSERT INTO `op...')
#3 C:\xampp\htdocs\operacoes\back-end\system\Database\BaseBuilder.php(2294): CodeIgniter\Database\BaseConnection->query('INSERT INTO `op...', Array, false)
#4 C:\xampp\htdocs\operacoes\back-end\system\Model.php(329): CodeIgniter\Database\BaseBuilder->insert()
#5 C:\xampp\htdocs\operacoes\back-end\system\BaseModel.php(782): CodeIgniter\Model->doInsert(Array)
#6 C:\xampp\htdocs\operacoes\back-end\system\Model.php(728): CodeIgniter\BaseModel->insert(Array, true)
#7 C:\xampp\htdocs\operacoes\back-end\app\Controllers\OperacoesController.php(28): CodeIgniter\Model->insert(Array)
#8 C:\xampp\htdocs\operacoes\back-end\system\CodeIgniter.php(934): App\Controllers\OperacoesController->add()
#9 C:\xampp\htdocs\operacoes\back-end\system\CodeIgniter.php(499): CodeIgniter\CodeIgniter->runController(Object(App\Controllers\OperacoesController))
#10 C:\xampp\htdocs\operacoes\back-end\system\CodeIgniter.php(368): CodeIgniter\CodeIgniter->handleRequest(NULL, Object(Config\Cache), false)
#11 C:\xampp\htdocs\operacoes\back-end\public\index.php(67): CodeIgniter\CodeIgniter->run()
#12 {main}
CRITICAL - 2023-05-24 10:05:35 --> Duplicate entry '1' for key 'PRIMARY'
in SYSTEMPATH\Database\BaseConnection.php on line 645.
 1 SYSTEMPATH\Database\BaseBuilder.php(2294): CodeIgniter\Database\BaseConnection->query('INSERT INTO `operacoes` (`id`, `nome`, `operacao`, `resultado`, `data`) VALUES (:id:, :nome:, :operacao:, :resultado:, :data:)', [...], false)
 2 SYSTEMPATH\Model.php(329): CodeIgniter\Database\BaseBuilder->insert()
 3 SYSTEMPATH\BaseModel.php(782): CodeIgniter\Model->doInsert([...])
 4 SYSTEMPATH\Model.php(728): CodeIgniter\BaseModel->insert([...], true)
 5 APPPATH\Controllers\OperacoesController.php(28): CodeIgniter\Model->insert([...])
 6 SYSTEMPATH\CodeIgniter.php(934): App\Controllers\OperacoesController->add()
 7 SYSTEMPATH\CodeIgniter.php(499): CodeIgniter\CodeIgniter->runController(Object(App\Controllers\OperacoesController))
 8 SYSTEMPATH\CodeIgniter.php(368): CodeIgniter\CodeIgniter->handleRequest(null, Object(Config\Cache), false)
 9 FCPATH\index.php(67): CodeIgniter\CodeIgniter->run()
ERROR - 2023-05-24 10:07:33 --> mysqli_sql_exception: Duplicate entry '1' for key 'PRIMARY' in C:\xampp\htdocs\operacoes\back-end\system\Database\MySQLi\Connection.php:295
Stack trace:
#0 C:\xampp\htdocs\operacoes\back-end\system\Database\MySQLi\Connection.php(295): mysqli->query('INSERT INTO `op...', 0)
#1 C:\xampp\htdocs\operacoes\back-end\system\Database\BaseConnection.php(691): CodeIgniter\Database\MySQLi\Connection->execute('INSERT INTO `op...')
#2 C:\xampp\htdocs\operacoes\back-end\system\Database\BaseConnection.php(605): CodeIgniter\Database\BaseConnection->simpleQuery('INSERT INTO `op...')
#3 C:\xampp\htdocs\operacoes\back-end\system\Database\BaseBuilder.php(2294): CodeIgniter\Database\BaseConnection->query('INSERT INTO `op...', Array, false)
#4 C:\xampp\htdocs\operacoes\back-end\system\Model.php(329): CodeIgniter\Database\BaseBuilder->insert()
#5 C:\xampp\htdocs\operacoes\back-end\system\BaseModel.php(782): CodeIgniter\Model->doInsert(Array)
#6 C:\xampp\htdocs\operacoes\back-end\system\Model.php(728): CodeIgniter\BaseModel->insert(Array, true)
#7 C:\xampp\htdocs\operacoes\back-end\app\Controllers\OperacoesController.php(28): CodeIgniter\Model->insert(Array)
#8 C:\xampp\htdocs\operacoes\back-end\system\CodeIgniter.php(934): App\Controllers\OperacoesController->add()
#9 C:\xampp\htdocs\operacoes\back-end\system\CodeIgniter.php(499): CodeIgniter\CodeIgniter->runController(Object(App\Controllers\OperacoesController))
#10 C:\xampp\htdocs\operacoes\back-end\system\CodeIgniter.php(368): CodeIgniter\CodeIgniter->handleRequest(NULL, Object(Config\Cache), false)
#11 C:\xampp\htdocs\operacoes\back-end\public\index.php(67): CodeIgniter\CodeIgniter->run()
#12 {main}
CRITICAL - 2023-05-24 10:07:33 --> Duplicate entry '1' for key 'PRIMARY'
in SYSTEMPATH\Database\BaseConnection.php on line 645.
 1 SYSTEMPATH\Database\BaseBuilder.php(2294): CodeIgniter\Database\BaseConnection->query('INSERT INTO `operacoes` (`id`, `nome`, `operacao`, `resultado`, `data`) VALUES (:id:, :nome:, :operacao:, :resultado:, :data:)', [...], false)
 2 SYSTEMPATH\Model.php(329): CodeIgniter\Database\BaseBuilder->insert()
 3 SYSTEMPATH\BaseModel.php(782): CodeIgniter\Model->doInsert([...])
 4 SYSTEMPATH\Model.php(728): CodeIgniter\BaseModel->insert([...], true)
 5 APPPATH\Controllers\OperacoesController.php(28): CodeIgniter\Model->insert([...])
 6 SYSTEMPATH\CodeIgniter.php(934): App\Controllers\OperacoesController->add()
 7 SYSTEMPATH\CodeIgniter.php(499): CodeIgniter\CodeIgniter->runController(Object(App\Controllers\OperacoesController))
 8 SYSTEMPATH\CodeIgniter.php(368): CodeIgniter\CodeIgniter->handleRequest(null, Object(Config\Cache), false)
 9 FCPATH\index.php(67): CodeIgniter\CodeIgniter->run()
ERROR - 2023-05-24 10:08:03 --> mysqli_sql_exception: Duplicate entry '1' for key 'PRIMARY' in C:\xampp\htdocs\operacoes\back-end\system\Database\MySQLi\Connection.php:295
Stack trace:
#0 C:\xampp\htdocs\operacoes\back-end\system\Database\MySQLi\Connection.php(295): mysqli->query('INSERT INTO `op...', 0)
#1 C:\xampp\htdocs\operacoes\back-end\system\Database\BaseConnection.php(691): CodeIgniter\Database\MySQLi\Connection->execute('INSERT INTO `op...')
#2 C:\xampp\htdocs\operacoes\back-end\system\Database\BaseConnection.php(605): CodeIgniter\Database\BaseConnection->simpleQuery('INSERT INTO `op...')
#3 C:\xampp\htdocs\operacoes\back-end\system\Database\BaseBuilder.php(2294): CodeIgniter\Database\BaseConnection->query('INSERT INTO `op...', Array, false)
#4 C:\xampp\htdocs\operacoes\back-end\system\Model.php(329): CodeIgniter\Database\BaseBuilder->insert()
#5 C:\xampp\htdocs\operacoes\back-end\system\BaseModel.php(782): CodeIgniter\Model->doInsert(Array)
#6 C:\xampp\htdocs\operacoes\back-end\system\Model.php(728): CodeIgniter\BaseModel->insert(Array, true)
#7 C:\xampp\htdocs\operacoes\back-end\app\Controllers\OperacoesController.php(28): CodeIgniter\Model->insert(Array)
#8 C:\xampp\htdocs\operacoes\back-end\system\CodeIgniter.php(934): App\Controllers\OperacoesController->add()
#9 C:\xampp\htdocs\operacoes\back-end\system\CodeIgniter.php(499): CodeIgniter\CodeIgniter->runController(Object(App\Controllers\OperacoesController))
#10 C:\xampp\htdocs\operacoes\back-end\system\CodeIgniter.php(368): CodeIgniter\CodeIgniter->handleRequest(NULL, Object(Config\Cache), false)
#11 C:\xampp\htdocs\operacoes\back-end\public\index.php(67): CodeIgniter\CodeIgniter->run()
#12 {main}
CRITICAL - 2023-05-24 10:08:03 --> Duplicate entry '1' for key 'PRIMARY'
in SYSTEMPATH\Database\BaseConnection.php on line 645.
 1 SYSTEMPATH\Database\BaseBuilder.php(2294): CodeIgniter\Database\BaseConnection->query('INSERT INTO `operacoes` (`id`, `nome`, `operacao`, `resultado`, `data`) VALUES (:id:, :nome:, :operacao:, :resultado:, :data:)', [...], false)
 2 SYSTEMPATH\Model.php(329): CodeIgniter\Database\BaseBuilder->insert()
 3 SYSTEMPATH\BaseModel.php(782): CodeIgniter\Model->doInsert([...])
 4 SYSTEMPATH\Model.php(728): CodeIgniter\BaseModel->insert([...], true)
 5 APPPATH\Controllers\OperacoesController.php(28): CodeIgniter\Model->insert([...])
 6 SYSTEMPATH\CodeIgniter.php(934): App\Controllers\OperacoesController->add()
 7 SYSTEMPATH\CodeIgniter.php(499): CodeIgniter\CodeIgniter->runController(Object(App\Controllers\OperacoesController))
 8 SYSTEMPATH\CodeIgniter.php(368): CodeIgniter\CodeIgniter->handleRequest(null, Object(Config\Cache), false)
 9 FCPATH\index.php(67): CodeIgniter\CodeIgniter->run()
ERROR - 2023-05-24 10:08:13 --> mysqli_sql_exception: Duplicate entry '1' for key 'PRIMARY' in C:\xampp\htdocs\operacoes\back-end\system\Database\MySQLi\Connection.php:295
Stack trace:
#0 C:\xampp\htdocs\operacoes\back-end\system\Database\MySQLi\Connection.php(295): mysqli->query('INSERT INTO `op...', 0)
#1 C:\xampp\htdocs\operacoes\back-end\system\Database\BaseConnection.php(691): CodeIgniter\Database\MySQLi\Connection->execute('INSERT INTO `op...')
#2 C:\xampp\htdocs\operacoes\back-end\system\Database\BaseConnection.php(605): CodeIgniter\Database\BaseConnection->simpleQuery('INSERT INTO `op...')
#3 C:\xampp\htdocs\operacoes\back-end\system\Database\BaseBuilder.php(2294): CodeIgniter\Database\BaseConnection->query('INSERT INTO `op...', Array, false)
#4 C:\xampp\htdocs\operacoes\back-end\system\Model.php(329): CodeIgniter\Database\BaseBuilder->insert()
#5 C:\xampp\htdocs\operacoes\back-end\system\BaseModel.php(782): CodeIgniter\Model->doInsert(Array)
#6 C:\xampp\htdocs\operacoes\back-end\system\Model.php(728): CodeIgniter\BaseModel->insert(Array, true)
#7 C:\xampp\htdocs\operacoes\back-end\app\Controllers\OperacoesController.php(28): CodeIgniter\Model->insert(Array)
#8 C:\xampp\htdocs\operacoes\back-end\system\CodeIgniter.php(934): App\Controllers\OperacoesController->add()
#9 C:\xampp\htdocs\operacoes\back-end\system\CodeIgniter.php(499): CodeIgniter\CodeIgniter->runController(Object(App\Controllers\OperacoesController))
#10 C:\xampp\htdocs\operacoes\back-end\system\CodeIgniter.php(368): CodeIgniter\CodeIgniter->handleRequest(NULL, Object(Config\Cache), false)
#11 C:\xampp\htdocs\operacoes\back-end\public\index.php(67): CodeIgniter\CodeIgniter->run()
#12 {main}
CRITICAL - 2023-05-24 10:08:13 --> Duplicate entry '1' for key 'PRIMARY'
in SYSTEMPATH\Database\BaseConnection.php on line 645.
 1 SYSTEMPATH\Database\BaseBuilder.php(2294): CodeIgniter\Database\BaseConnection->query('INSERT INTO `operacoes` (`id`, `nome`, `operacao`, `resultado`, `data`) VALUES (:id:, :nome:, :operacao:, :resultado:, :data:)', [...], false)
 2 SYSTEMPATH\Model.php(329): CodeIgniter\Database\BaseBuilder->insert()
 3 SYSTEMPATH\BaseModel.php(782): CodeIgniter\Model->doInsert([...])
 4 SYSTEMPATH\Model.php(728): CodeIgniter\BaseModel->insert([...], true)
 5 APPPATH\Controllers\OperacoesController.php(28): CodeIgniter\Model->insert([...])
 6 SYSTEMPATH\CodeIgniter.php(934): App\Controllers\OperacoesController->add()
 7 SYSTEMPATH\CodeIgniter.php(499): CodeIgniter\CodeIgniter->runController(Object(App\Controllers\OperacoesController))
 8 SYSTEMPATH\CodeIgniter.php(368): CodeIgniter\CodeIgniter->handleRequest(null, Object(Config\Cache), false)
 9 FCPATH\index.php(67): CodeIgniter\CodeIgniter->run()
ERROR - 2023-05-24 10:08:26 --> mysqli_sql_exception: Duplicate entry '1' for key 'PRIMARY' in C:\xampp\htdocs\operacoes\back-end\system\Database\MySQLi\Connection.php:295
Stack trace:
#0 C:\xampp\htdocs\operacoes\back-end\system\Database\MySQLi\Connection.php(295): mysqli->query('INSERT INTO `op...', 0)
#1 C:\xampp\htdocs\operacoes\back-end\system\Database\BaseConnection.php(691): CodeIgniter\Database\MySQLi\Connection->execute('INSERT INTO `op...')
#2 C:\xampp\htdocs\operacoes\back-end\system\Database\BaseConnection.php(605): CodeIgniter\Database\BaseConnection->simpleQuery('INSERT INTO `op...')
#3 C:\xampp\htdocs\operacoes\back-end\system\Database\BaseBuilder.php(2294): CodeIgniter\Database\BaseConnection->query('INSERT INTO `op...', Array, false)
#4 C:\xampp\htdocs\operacoes\back-end\system\Model.php(329): CodeIgniter\Database\BaseBuilder->insert()
#5 C:\xampp\htdocs\operacoes\back-end\system\BaseModel.php(782): CodeIgniter\Model->doInsert(Array)
#6 C:\xampp\htdocs\operacoes\back-end\system\Model.php(728): CodeIgniter\BaseModel->insert(Array, true)
#7 C:\xampp\htdocs\operacoes\back-end\app\Controllers\OperacoesController.php(28): CodeIgniter\Model->insert(Array)
#8 C:\xampp\htdocs\operacoes\back-end\system\CodeIgniter.php(934): App\Controllers\OperacoesController->add()
#9 C:\xampp\htdocs\operacoes\back-end\system\CodeIgniter.php(499): CodeIgniter\CodeIgniter->runController(Object(App\Controllers\OperacoesController))
#10 C:\xampp\htdocs\operacoes\back-end\system\CodeIgniter.php(368): CodeIgniter\CodeIgniter->handleRequest(NULL, Object(Config\Cache), false)
#11 C:\xampp\htdocs\operacoes\back-end\public\index.php(67): CodeIgniter\CodeIgniter->run()
#12 {main}
CRITICAL - 2023-05-24 10:08:26 --> Duplicate entry '1' for key 'PRIMARY'
in SYSTEMPATH\Database\BaseConnection.php on line 645.
 1 SYSTEMPATH\Database\BaseBuilder.php(2294): CodeIgniter\Database\BaseConnection->query('INSERT INTO `operacoes` (`id`, `nome`, `operacao`, `resultado`, `data`) VALUES (:id:, :nome:, :operacao:, :resultado:, :data:)', [...], false)
 2 SYSTEMPATH\Model.php(329): CodeIgniter\Database\BaseBuilder->insert()
 3 SYSTEMPATH\BaseModel.php(782): CodeIgniter\Model->doInsert([...])
 4 SYSTEMPATH\Model.php(728): CodeIgniter\BaseModel->insert([...], true)
 5 APPPATH\Controllers\OperacoesController.php(28): CodeIgniter\Model->insert([...])
 6 SYSTEMPATH\CodeIgniter.php(934): App\Controllers\OperacoesController->add()
 7 SYSTEMPATH\CodeIgniter.php(499): CodeIgniter\CodeIgniter->runController(Object(App\Controllers\OperacoesController))
 8 SYSTEMPATH\CodeIgniter.php(368): CodeIgniter\CodeIgniter->handleRequest(null, Object(Config\Cache), false)
 9 FCPATH\index.php(67): CodeIgniter\CodeIgniter->run()
ERROR - 2023-05-24 10:32:46 --> mysqli_sql_exception: Duplicate entry '1' for key 'PRIMARY' in C:\xampp\htdocs\operacoes\back-end\system\Database\MySQLi\Connection.php:295
Stack trace:
#0 C:\xampp\htdocs\operacoes\back-end\system\Database\MySQLi\Connection.php(295): mysqli->query('INSERT INTO `op...', 0)
#1 C:\xampp\htdocs\operacoes\back-end\system\Database\BaseConnection.php(691): CodeIgniter\Database\MySQLi\Connection->execute('INSERT INTO `op...')
#2 C:\xampp\htdocs\operacoes\back-end\system\Database\BaseConnection.php(605): CodeIgniter\Database\BaseConnection->simpleQuery('INSERT INTO `op...')
#3 C:\xampp\htdocs\operacoes\back-end\system\Database\BaseBuilder.php(2294): CodeIgniter\Database\BaseConnection->query('INSERT INTO `op...', Array, false)
#4 C:\xampp\htdocs\operacoes\back-end\system\Model.php(329): CodeIgniter\Database\BaseBuilder->insert()
#5 C:\xampp\htdocs\operacoes\back-end\system\BaseModel.php(782): CodeIgniter\Model->doInsert(Array)
#6 C:\xampp\htdocs\operacoes\back-end\system\Model.php(728): CodeIgniter\BaseModel->insert(Array, true)
#7 C:\xampp\htdocs\operacoes\back-end\app\Controllers\OperacoesController.php(28): CodeIgniter\Model->insert(Array)
#8 C:\xampp\htdocs\operacoes\back-end\system\CodeIgniter.php(934): App\Controllers\OperacoesController->add()
#9 C:\xampp\htdocs\operacoes\back-end\system\CodeIgniter.php(499): CodeIgniter\CodeIgniter->runController(Object(App\Controllers\OperacoesController))
#10 C:\xampp\htdocs\operacoes\back-end\system\CodeIgniter.php(368): CodeIgniter\CodeIgniter->handleRequest(NULL, Object(Config\Cache), false)
#11 C:\xampp\htdocs\operacoes\back-end\public\index.php(67): CodeIgniter\CodeIgniter->run()
#12 {main}
CRITICAL - 2023-05-24 10:32:46 --> Duplicate entry '1' for key 'PRIMARY'
in SYSTEMPATH\Database\BaseConnection.php on line 645.
 1 SYSTEMPATH\Database\BaseBuilder.php(2294): CodeIgniter\Database\BaseConnection->query('INSERT INTO `operacoes` (`id`, `nome`, `operacao`, `resultado`, `data`) VALUES (:id:, :nome:, :operacao:, :resultado:, :data:)', [...], false)
 2 SYSTEMPATH\Model.php(329): CodeIgniter\Database\BaseBuilder->insert()
 3 SYSTEMPATH\BaseModel.php(782): CodeIgniter\Model->doInsert([...])
 4 SYSTEMPATH\Model.php(728): CodeIgniter\BaseModel->insert([...], true)
 5 APPPATH\Controllers\OperacoesController.php(28): CodeIgniter\Model->insert([...])
 6 SYSTEMPATH\CodeIgniter.php(934): App\Controllers\OperacoesController->add()
 7 SYSTEMPATH\CodeIgniter.php(499): CodeIgniter\CodeIgniter->runController(Object(App\Controllers\OperacoesController))
 8 SYSTEMPATH\CodeIgniter.php(368): CodeIgniter\CodeIgniter->handleRequest(null, Object(Config\Cache), false)
 9 FCPATH\index.php(67): CodeIgniter\CodeIgniter->run()
ERROR - 2023-05-24 10:33:24 --> mysqli_sql_exception: Duplicate entry '1' for key 'PRIMARY' in C:\xampp\htdocs\operacoes\back-end\system\Database\MySQLi\Connection.php:295
Stack trace:
#0 C:\xampp\htdocs\operacoes\back-end\system\Database\MySQLi\Connection.php(295): mysqli->query('INSERT INTO `op...', 0)
#1 C:\xampp\htdocs\operacoes\back-end\system\Database\BaseConnection.php(691): CodeIgniter\Database\MySQLi\Connection->execute('INSERT INTO `op...')
#2 C:\xampp\htdocs\operacoes\back-end\system\Database\BaseConnection.php(605): CodeIgniter\Database\BaseConnection->simpleQuery('INSERT INTO `op...')
#3 C:\xampp\htdocs\operacoes\back-end\system\Database\BaseBuilder.php(2294): CodeIgniter\Database\BaseConnection->query('INSERT INTO `op...', Array, false)
#4 C:\xampp\htdocs\operacoes\back-end\system\Model.php(329): CodeIgniter\Database\BaseBuilder->insert()
#5 C:\xampp\htdocs\operacoes\back-end\system\BaseModel.php(782): CodeIgniter\Model->doInsert(Array)
#6 C:\xampp\htdocs\operacoes\back-end\system\Model.php(728): CodeIgniter\BaseModel->insert(Array, true)
#7 C:\xampp\htdocs\operacoes\back-end\app\Controllers\OperacoesController.php(28): CodeIgniter\Model->insert(Array)
#8 C:\xampp\htdocs\operacoes\back-end\system\CodeIgniter.php(934): App\Controllers\OperacoesController->add()
#9 C:\xampp\htdocs\operacoes\back-end\system\CodeIgniter.php(499): CodeIgniter\CodeIgniter->runController(Object(App\Controllers\OperacoesController))
#10 C:\xampp\htdocs\operacoes\back-end\system\CodeIgniter.php(368): CodeIgniter\CodeIgniter->handleRequest(NULL, Object(Config\Cache), false)
#11 C:\xampp\htdocs\operacoes\back-end\public\index.php(67): CodeIgniter\CodeIgniter->run()
#12 {main}
CRITICAL - 2023-05-24 10:33:24 --> Duplicate entry '1' for key 'PRIMARY'
in SYSTEMPATH\Database\BaseConnection.php on line 645.
 1 SYSTEMPATH\Database\BaseBuilder.php(2294): CodeIgniter\Database\BaseConnection->query('INSERT INTO `operacoes` (`id`, `nome`, `operacao`, `resultado`, `data`) VALUES (:id:, :nome:, :operacao:, :resultado:, :data:)', [...], false)
 2 SYSTEMPATH\Model.php(329): CodeIgniter\Database\BaseBuilder->insert()
 3 SYSTEMPATH\BaseModel.php(782): CodeIgniter\Model->doInsert([...])
 4 SYSTEMPATH\Model.php(728): CodeIgniter\BaseModel->insert([...], true)
 5 APPPATH\Controllers\OperacoesController.php(28): CodeIgniter\Model->insert([...])
 6 SYSTEMPATH\CodeIgniter.php(934): App\Controllers\OperacoesController->add()
 7 SYSTEMPATH\CodeIgniter.php(499): CodeIgniter\CodeIgniter->runController(Object(App\Controllers\OperacoesController))
 8 SYSTEMPATH\CodeIgniter.php(368): CodeIgniter\CodeIgniter->handleRequest(null, Object(Config\Cache), false)
 9 FCPATH\index.php(67): CodeIgniter\CodeIgniter->run()
ERROR - 2023-05-24 10:33:28 --> mysqli_sql_exception: Duplicate entry '1' for key 'PRIMARY' in C:\xampp\htdocs\operacoes\back-end\system\Database\MySQLi\Connection.php:295
Stack trace:
#0 C:\xampp\htdocs\operacoes\back-end\system\Database\MySQLi\Connection.php(295): mysqli->query('INSERT INTO `op...', 0)
#1 C:\xampp\htdocs\operacoes\back-end\system\Database\BaseConnection.php(691): CodeIgniter\Database\MySQLi\Connection->execute('INSERT INTO `op...')
#2 C:\xampp\htdocs\operacoes\back-end\system\Database\BaseConnection.php(605): CodeIgniter\Database\BaseConnection->simpleQuery('INSERT INTO `op...')
#3 C:\xampp\htdocs\operacoes\back-end\system\Database\BaseBuilder.php(2294): CodeIgniter\Database\BaseConnection->query('INSERT INTO `op...', Array, false)
#4 C:\xampp\htdocs\operacoes\back-end\system\Model.php(329): CodeIgniter\Database\BaseBuilder->insert()
#5 C:\xampp\htdocs\operacoes\back-end\system\BaseModel.php(782): CodeIgniter\Model->doInsert(Array)
#6 C:\xampp\htdocs\operacoes\back-end\system\Model.php(728): CodeIgniter\BaseModel->insert(Array, true)
#7 C:\xampp\htdocs\operacoes\back-end\app\Controllers\OperacoesController.php(28): CodeIgniter\Model->insert(Array)
#8 C:\xampp\htdocs\operacoes\back-end\system\CodeIgniter.php(934): App\Controllers\OperacoesController->add()
#9 C:\xampp\htdocs\operacoes\back-end\system\CodeIgniter.php(499): CodeIgniter\CodeIgniter->runController(Object(App\Controllers\OperacoesController))
#10 C:\xampp\htdocs\operacoes\back-end\system\CodeIgniter.php(368): CodeIgniter\CodeIgniter->handleRequest(NULL, Object(Config\Cache), false)
#11 C:\xampp\htdocs\operacoes\back-end\public\index.php(67): CodeIgniter\CodeIgniter->run()
#12 {main}
CRITICAL - 2023-05-24 10:33:28 --> Duplicate entry '1' for key 'PRIMARY'
in SYSTEMPATH\Database\BaseConnection.php on line 645.
 1 SYSTEMPATH\Database\BaseBuilder.php(2294): CodeIgniter\Database\BaseConnection->query('INSERT INTO `operacoes` (`id`, `nome`, `operacao`, `resultado`, `data`) VALUES (:id:, :nome:, :operacao:, :resultado:, :data:)', [...], false)
 2 SYSTEMPATH\Model.php(329): CodeIgniter\Database\BaseBuilder->insert()
 3 SYSTEMPATH\BaseModel.php(782): CodeIgniter\Model->doInsert([...])
 4 SYSTEMPATH\Model.php(728): CodeIgniter\BaseModel->insert([...], true)
 5 APPPATH\Controllers\OperacoesController.php(28): CodeIgniter\Model->insert([...])
 6 SYSTEMPATH\CodeIgniter.php(934): App\Controllers\OperacoesController->add()
 7 SYSTEMPATH\CodeIgniter.php(499): CodeIgniter\CodeIgniter->runController(Object(App\Controllers\OperacoesController))
 8 SYSTEMPATH\CodeIgniter.php(368): CodeIgniter\CodeIgniter->handleRequest(null, Object(Config\Cache), false)
 9 FCPATH\index.php(67): CodeIgniter\CodeIgniter->run()
